<?xml version="1.0" encoding="UTF-8"?>
<testng-results ignored="0" total="1" passed="1" failed="0" skipped="0">
  <reporter-output>
  </reporter-output>
  <suite started-at="2026-01-09T16:24:23 IST" name="Default suite" finished-at="2026-01-09T16:24:25 IST" duration-ms="2507">
    <groups>
    </groups>
    <test started-at="2026-01-09T16:24:23 IST" name="Default test" finished-at="2026-01-09T16:24:25 IST" duration-ms="2507">
      <class name="manual.manualmain">
        <test-method is-config="true" signature="launch()[pri:0, instance:manual.manualmain@6150c3ec]" started-at="2026-01-09T16:24:23 IST" name="launch" finished-at="2026-01-09T16:24:25 IST" duration-ms="2403" status="PASS">
          <reporter-output>
          </reporter-output>
        </test-method> <!-- launch -->
        <test-method signature="f()[pri:0, instance:manual.manualmain@6150c3ec]" started-at="2026-01-09T16:24:25 IST" name="f" finished-at="2026-01-09T16:24:25 IST" duration-ms="13" status="PASS">
          <reporter-output>
          </reporter-output>
        </test-method> <!-- f -->
      </class> <!-- manual.manualmain -->
    </test> <!-- Default test -->
  </suite> <!-- Default suite -->
</testng-results>
